<?xml version="1.0" encoding="UTF-8"?>
<!-- Generated by org.testng.reporters.JUnitReportReporter -->
<testsuite hostname="Sanjay-PC" failures="0" tests="3" name="com.fta.tests.HomepageTest" time="18.153" errors="0" timestamp="2021-09-25T01:33:58 IST" skipped="0">
  <testcase classname="com.fta.tests.HomepageTest" name="test3" time="6.070"/>
  <system-out/>
  <testcase classname="com.fta.tests.HomepageTest" name="test2" time="5.935"/>
  <system-out/>
  <testcase classname="com.fta.tests.HomepageTest" name="test1" time="6.148"/>
  <system-out/>
</testsuite> <!-- com.fta.tests.HomepageTest -->
