<?xml version="1.0" encoding="UTF-8"?>
<!-- Generated by org.testng.reporters.JUnitReportReporter -->
<testsuite hostname="Sanjay-PC" name="com.fta.tests.HomepageTest" tests="1" failures="0" timestamp="15 Oct 2021 18:26:48 GMT" time="11.424" errors="0">
  <testcase name="test1" time="11.424" classname="com.fta.tests.HomepageTest"/>
</testsuite> <!-- com.fta.tests.HomepageTest -->
