<?xml version="1.0" encoding="UTF-8"?>
<!-- Generated by org.testng.reporters.JUnitReportReporter -->
<testsuite hostname="Sanjay-PC" failures="0" tests="1" name="com.fta.tests.HomepageTest" time="5.844" errors="0" timestamp="2021-09-29T23:54:53 IST" skipped="0">
  <testcase classname="com.fta.tests.HomepageTest" name="test1" time="5.844"/>
  <system-out/>
</testsuite> <!-- com.fta.tests.HomepageTest -->
