<?xml version="1.0" encoding="UTF-8"?>
<!-- Generated by org.testng.reporters.JUnitReportReporter -->
<testsuite hostname="Sanjay-PC" failures="0" tests="1" name="com.fta.tests.HomepageTest" time="5.942" errors="0" timestamp="2021-10-01T23:55:09 IST" skipped="0">
  <testcase classname="com.fta.tests.HomepageTest" name="test1" time="5.942"/>
  <system-out/>
</testsuite> <!-- com.fta.tests.HomepageTest -->
